<?xml version="1.0" encoding="UTF-8"?>
<!-- Generated by org.testng.reporters.JUnitReportReporter -->
<testsuite hostname="DESKTOP-0G646HO" failures="0" tests="1" name="test.DemoTest" time="194.706" errors="1" timestamp="2026-05-13T12:52:13 IST" skipped="0">
  <testcase classname="test.DemoTest" name="loginToApp" time="194.706">
    <error message="element click intercepted: Element &lt;div class=&quot;flex items-center p-1 rounded-full cursor-pointer hover:bg-[var(--hover-postfooter)] hover:text-[var(--foreground)] transition-all duration-500 ease-in-out relative text-[var(--secondary)]&quot; data-state=&quot;closed&quot; data-slot=&quot;tooltip-trigger&quot;&gt;...&lt;/div&gt; is not clickable at point (241, 35). Other element would receive the click: &lt;div class=&quot;relative bg-[var(--bg-plain)] text-[var(--foreground)] border-none transition-all duration-200 ease-[cubic-bezier(0.23,1,0.32,1)] flex flex-col items-center translate-y-0 w-full sm:w-[70vw] max-w-[1600px] h-[95vh] max-h-[95vh] p-4 rounded-t-2xl shadow-2xl&quot;&gt;...&lt;/div&gt;
  (Session info: chrome=148.0.7778.97)
Build info: version: &#039;4.21.0&#039;, revision: &#039;79ed462ef4&#039;
System info: os.name: &#039;Windows 10&#039;, os.arch: &#039;amd64&#039;, os.version: &#039;10.0&#039;, java.version: &#039;21.0.8&#039;
Driver info: org.openqa.selenium.chrome.ChromeDriver
Command: [17436d76bd0d57de3ae50db54b634ee3, clickElement {id=f.0F90C4A82494A5E65009BEF680D92E5C.d.22B88AAC54C032E8086897BEE239407B.e.129}]
Capabilities {acceptInsecureCerts: false, browserName: chrome, browserVersion: 148.0.7778.97, chrome: {chromedriverVersion: 148.0.7778.167 (65db666ac2c..., userDataDir: C:\Users\dell\AppData\Local...}, fedcm:accounts: true, goog:chromeOptions: {debuggerAddress: localhost:54040}, goog:processID: 15176, networkConnectionEnabled: false, pageLoadStrategy: normal, platformName: windows, proxy: Proxy(), se:cdp: ws://localhost:54040/devtoo..., se:cdpVersion: 148.0.7778.97, setWindowRect: true, strictFileInteractability: false, timeouts: {implicit: 0, pageLoad: 300000, script: 30000}, unhandledPromptBehavior: dismiss and notify, webauthn:extension:credBlob: true, webauthn:extension:largeBlob: true, webauthn:extension:minPinLength: true, webauthn:extension:prf: true, webauthn:virtualAuthenticators: true}
Element: [[ChromeDriver: chrome on windows (17436d76bd0d57de3ae50db54b634ee3)] -&gt; xpath: (//div[@data-slot=&quot;tooltip-trigger&quot;])[3]]
Session ID: 17436d76bd0d57de3ae50db54b634ee3" type="org.openqa.selenium.ElementClickInterceptedException">
      <![CDATA[org.openqa.selenium.ElementClickInterceptedException: element click intercepted: Element <div class="flex items-center p-1 rounded-full cursor-pointer hover:bg-[var(--hover-postfooter)] hover:text-[var(--foreground)] transition-all duration-500 ease-in-out relative text-[var(--secondary)]" data-state="closed" data-slot="tooltip-trigger">...</div> is not clickable at point (241, 35). Other element would receive the click: <div class="relative bg-[var(--bg-plain)] text-[var(--foreground)] border-none transition-all duration-200 ease-[cubic-bezier(0.23,1,0.32,1)] flex flex-col items-center translate-y-0 w-full sm:w-[70vw] max-w-[1600px] h-[95vh] max-h-[95vh] p-4 rounded-t-2xl shadow-2xl">...</div>
  (Session info: chrome=148.0.7778.97)
Build info: version: '4.21.0', revision: '79ed462ef4'
System info: os.name: 'Windows 10', os.arch: 'amd64', os.version: '10.0', java.version: '21.0.8'
Driver info: org.openqa.selenium.chrome.ChromeDriver
Command: [17436d76bd0d57de3ae50db54b634ee3, clickElement {id=f.0F90C4A82494A5E65009BEF680D92E5C.d.22B88AAC54C032E8086897BEE239407B.e.129}]
Capabilities {acceptInsecureCerts: false, browserName: chrome, browserVersion: 148.0.7778.97, chrome: {chromedriverVersion: 148.0.7778.167 (65db666ac2c..., userDataDir: C:\Users\dell\AppData\Local...}, fedcm:accounts: true, goog:chromeOptions: {debuggerAddress: localhost:54040}, goog:processID: 15176, networkConnectionEnabled: false, pageLoadStrategy: normal, platformName: windows, proxy: Proxy(), se:cdp: ws://localhost:54040/devtoo..., se:cdpVersion: 148.0.7778.97, setWindowRect: true, strictFileInteractability: false, timeouts: {implicit: 0, pageLoad: 300000, script: 30000}, unhandledPromptBehavior: dismiss and notify, webauthn:extension:credBlob: true, webauthn:extension:largeBlob: true, webauthn:extension:minPinLength: true, webauthn:extension:prf: true, webauthn:virtualAuthenticators: true}
Element: [[ChromeDriver: chrome on windows (17436d76bd0d57de3ae50db54b634ee3)] -> xpath: (//div[@data-slot="tooltip-trigger"])[3]]
Session ID: 17436d76bd0d57de3ae50db54b634ee3
at java.base/jdk.internal.reflect.DirectConstructorHandleAccessor.newInstance(DirectConstructorHandleAccessor.java:62)
at java.base/java.lang.reflect.Constructor.newInstanceWithCaller(Constructor.java:502)
at java.base/java.lang.reflect.Constructor.newInstance(Constructor.java:486)
at org.openqa.selenium.remote.ErrorCodec.decode(ErrorCodec.java:167)
at org.openqa.selenium.remote.codec.w3c.W3CHttpResponseCodec.decode(W3CHttpResponseCodec.java:138)
at org.openqa.selenium.remote.codec.w3c.W3CHttpResponseCodec.decode(W3CHttpResponseCodec.java:50)
at org.openqa.selenium.remote.HttpCommandExecutor.execute(HttpCommandExecutor.java:190)
at org.openqa.selenium.remote.service.DriverCommandExecutor.invokeExecute(DriverCommandExecutor.java:216)
at org.openqa.selenium.remote.service.DriverCommandExecutor.execute(DriverCommandExecutor.java:174)
at org.openqa.selenium.remote.RemoteWebDriver.execute(RemoteWebDriver.java:518)
at org.openqa.selenium.remote.RemoteWebElement.execute(RemoteWebElement.java:223)
at org.openqa.selenium.remote.RemoteWebElement.click(RemoteWebElement.java:76)
at pages.HomePage.clickSearchInputFieldIcon(HomePage.java:33)
at test.DemoTest.loginToApp(DemoTest.java:31)
at java.base/jdk.internal.reflect.DirectMethodHandleAccessor.invoke(DirectMethodHandleAccessor.java:103)
at java.base/java.lang.reflect.Method.invoke(Method.java:580)
at org.testng.internal.invokers.MethodInvocationHelper.invokeMethod(MethodInvocationHelper.java:141)
at org.testng.internal.invokers.TestInvoker.invokeMethod(TestInvoker.java:686)
at org.testng.internal.invokers.TestInvoker.invokeTestMethod(TestInvoker.java:230)
at org.testng.internal.invokers.MethodRunner.runInSequence(MethodRunner.java:63)
at org.testng.internal.invokers.TestInvoker$MethodInvocationAgent.invoke(TestInvoker.java:992)
at org.testng.internal.invokers.TestInvoker.invokeTestMethods(TestInvoker.java:203)
at org.testng.internal.invokers.TestMethodWorker.invokeTestMethods(TestMethodWorker.java:154)
at org.testng.internal.invokers.TestMethodWorker.run(TestMethodWorker.java:134)
at java.base/java.util.ArrayList.forEach(ArrayList.java:1596)
at org.testng.TestRunner.privateRun(TestRunner.java:739)
at org.testng.TestRunner.run(TestRunner.java:614)
at org.testng.SuiteRunner.runTest(SuiteRunner.java:421)
at org.testng.SuiteRunner.runSequentially(SuiteRunner.java:413)
at org.testng.SuiteRunner.privateRun(SuiteRunner.java:373)
at org.testng.SuiteRunner.run(SuiteRunner.java:312)
at org.testng.SuiteRunnerWorker.runSuite(SuiteRunnerWorker.java:52)
at org.testng.SuiteRunnerWorker.run(SuiteRunnerWorker.java:95)
at org.testng.TestNG.runSuitesSequentially(TestNG.java:1274)
at org.testng.TestNG.runSuitesLocally(TestNG.java:1208)
at org.testng.TestNG.runSuites(TestNG.java:1112)
at org.testng.TestNG.run(TestNG.java:1079)
at org.testng.remote.AbstractRemoteTestNG.run(AbstractRemoteTestNG.java:115)
at org.testng.remote.RemoteTestNG.initAndRun(RemoteTestNG.java:293)
at org.testng.remote.RemoteTestNG.main(RemoteTestNG.java:91)
]]>
    </error>
  </testcase> <!-- loginToApp -->
</testsuite> <!-- test.DemoTest -->
